C51 COMPILER V9.54   MAIN                                                                  09/01/2021 11:12:29 PAGE 1   


C51 COMPILER V9.54, COMPILATION OF MODULE MAIN
OBJECT MODULE PLACED IN .\Objects\main.obj
COMPILER INVOKED BY: D:\Software\keil\C51\BIN\C51.EXE main.c OPTIMIZE(8,SPEED) BROWSE INCDIR(D:\Software\keil\C51\INC\ST
                    -C) DEBUG OBJECTEXTEND PRINT(.\Listings\main.lst) TABS(2) OBJECT(.\Objects\main.obj)

line level    source

   1          #include<STC15F2K60S2.H>
   2          #include"ds1302.h"
   3          #include"seg.h"
   4          #include"key.h"
   5          #include"iic.h"
   6          
   7          unsigned char Show_Led_Duan[8]={0xff,0xff,0xff,0xff,0xff,0xff,0xff,0xff};
   8          unsigned char Show_Led_true[8]={"        "};
   9          unsigned char Time_main[3]={23,59,55};
  10          unsigned char Data_24c02[7]={0x00,20,10,0,0,0,0};
  11          int ADC_number=0;
  12          bit flag_Time=0;
  13          char show_flag_time=0;
  14          int Static_flag=0;      //初始为状态0 时间显示状态为1 电压状态为2 时间修改为3 电压
             -上下限修改为4 上次溢出为5
  15          char flag_set_time=0;
  16          bit flag_set_time_up=0;
  17          char flag_ti_up_H_L=0;
  18          void DelayUs2x(unsigned char t)
  19          {   
  20   1        while(--t);
  21   1      }
  22          void DelayMs(int t)
  23          {    
  24   1        while(t--)
  25   1        {
  26   2          DelayUs2x(245);
  27   2          DelayUs2x(245);
  28   2        }
  29   1      }
  30          
  31          void read_24c02()
  32          {
  33   1          TR0=0;
  34   1          EEPROM_Read(Data_24c02,0x00,1);
  35   1          if(Data_24c02[0]!=0x00){
  36   2              Data_24c02[0]=0x00;
  37   2              EEPROM_Write(Data_24c02,0x00,7);
  38   2          }
  39   1          else
  40   1          {
  41   2              EEPROM_Read(Data_24c02,0x00,7);
  42   2          }
  43   1          TR0=1;
  44   1      }
  45          
  46          void write_24c02()
  47          {
  48   1          TR0=0;
  49   1          EEPROM_Write(Data_24c02,0x00,7);
  50   1          TR0=1;
  51   1      }
  52          
  53          
C51 COMPILER V9.54   MAIN                                                                  09/01/2021 11:12:29 PAGE 2   

  54          void Set_INIT0()
  55          {
  56   1          EA=ET0=1;
  57   1          TH0=(65535-1000)/256;
  58   1          TL0=(65535-1000)%256;
  59   1          TR0=1;
  60   1      }
  61          void Play_INIT0() interrupt 1
  62          {
  63   1          static int t=0;
  64   1          TH0=(65535-1000)/256;
  65   1          TL0=(65535-1000)%256;
  66   1          Seg_Disp(Show_Led_Duan,show_flag_time);
  67   1          show_flag_time++;
  68   1          if(show_flag_time==8)
  69   1          {
  70   2              show_flag_time=0;
  71   2          }
  72   1          t++;
  73   1          if(t==1000)
  74   1          {
  75   2              flag_set_time_up=~flag_set_time_up;
  76   2              flag_Time=1;
  77   2              t=0;
  78   2          }
  79   1      }
  80          
  81          
  82          
  83          
  84          
  85          
  86          
  87          void Refresh_Led()
  88          {
  89   1          float now_number=(ADC_number*50.0/255.0)*100.0;
  90   1          bit flag_now=0;
  91   1          if(Static_flag==1)
  92   1          {
  93   2              Show_Led_true[0]=Time_main[0]/10+'0';
  94   2              Show_Led_true[1]=Time_main[0]%10+'0';
  95   2              Show_Led_true[2]='-';
  96   2              Show_Led_true[3]=Time_main[1]/10+'0';
  97   2              Show_Led_true[4]=Time_main[1]%10+'0';
  98   2              Show_Led_true[5]='-';
  99   2              Show_Led_true[6]=Time_main[2]/10+'0';
 100   2              Show_Led_true[7]=Time_main[2]%10+'0';
 101   2          }
 102   1          else if(Static_flag==2)
 103   1          {
 104   2              Show_Led_true[0]='-';
 105   2              Show_Led_true[1]='1';
 106   2              Show_Led_true[2]='-';
 107   2              Show_Led_true[3]=' ';
 108   2              if((int)now_number/1000%10==0&&!flag_now)
 109   2              {
 110   3                  Show_Led_true[4]=' ';
 111   3              }
 112   2              else
 113   2              {
 114   3                  Show_Led_true[4]=now_number/1000+'0';
 115   3                  flag_now=1;
C51 COMPILER V9.54   MAIN                                                                  09/01/2021 11:12:29 PAGE 3   

 116   3              }
 117   2      
 118   2              if((int)now_number/100%10==0&&!flag_now)
 119   2              {
 120   3                  Show_Led_true[5]=' ';
 121   3              }
 122   2              else
 123   2              {
 124   3                  Show_Led_true[5]=(int)now_number/100%10+'0';
 125   3                  flag_now=1;
 126   3              }
 127   2      
 128   2              if((int)now_number%100/10==0&&!flag_now)
 129   2              {
 130   3                  Show_Led_true[6]=' ';
 131   3              }
 132   2              else
 133   2              {
 134   3                  Show_Led_true[6]=(int)now_number%100/10+'0';
 135   3                  flag_now=1;
 136   3              }
 137   2              Show_Led_true[7]=(int)now_number%10+'0';
 138   2          }
 139   1          else if(Static_flag==3)
 140   1          {
 141   2              Show_Led_true[0]=Time_main[0]/10+'0';
 142   2              Show_Led_true[1]=Time_main[0]%10+'0';
 143   2              if(flag_set_time==0&&!flag_set_time_up)
 144   2              {
 145   3                  Show_Led_true[0]=' ';
 146   3                  Show_Led_true[1]=' ';
 147   3              }
 148   2              Show_Led_true[2]='-';
 149   2              Show_Led_true[3]=Time_main[1]/10+'0';
 150   2              Show_Led_true[4]=Time_main[1]%10+'0';
 151   2              if(flag_set_time==1&&!flag_set_time_up)
 152   2              {
 153   3                  Show_Led_true[3]=' ';
 154   3                  Show_Led_true[4]=' ';
 155   3              }
 156   2              Show_Led_true[5]='-';
 157   2              Show_Led_true[6]=Time_main[2]/10+'0';
 158   2              Show_Led_true[7]=Time_main[2]%10+'0';
 159   2              if(flag_set_time==2&&!flag_set_time_up)
 160   2              {
 161   3                  Show_Led_true[6]=' ';
 162   3                  Show_Led_true[7]=' ';
 163   3              }
 164   2          }
 165   1          else if(Static_flag==4)
 166   1          {
 167   2              Show_Led_true[0]=Data_24c02[1]/10+'0';
 168   2              Show_Led_true[1]=Data_24c02[1]%10+'0';
 169   2              Show_Led_true[2]='0';
 170   2              Show_Led_true[3]='0';
 171   2              if(flag_set_time==0&&!flag_set_time_up)
 172   2              {
 173   3                  Show_Led_true[0]=' ';
 174   3                  Show_Led_true[1]=' ';
 175   3                  Show_Led_true[2]=' ';
 176   3                  Show_Led_true[3]=' ';
 177   3              }
C51 COMPILER V9.54   MAIN                                                                  09/01/2021 11:12:29 PAGE 4   

 178   2              Show_Led_true[4]=Data_24c02[2]/10+'0';
 179   2              Show_Led_true[5]=Data_24c02[2]%10+'0';
 180   2              Show_Led_true[6]='0';
 181   2              Show_Led_true[7]='0';
 182   2              if(flag_set_time==1&&!flag_set_time_up)
 183   2              {
 184   3                  Show_Led_true[4]=' ';
 185   3                  Show_Led_true[5]=' ';
 186   3                  Show_Led_true[6]=' ';
 187   3                  Show_Led_true[7]=' ';
 188   3              }
 189   2              
 190   2          }
 191   1          else if(Static_flag==5)
 192   1          {
 193   2              Show_Led_true[0]=Data_24c02[3]/10+'0';
 194   2              Show_Led_true[1]=Data_24c02[3]%10+'0';
 195   2              Show_Led_true[2]='-';
 196   2              Show_Led_true[3]=Data_24c02[4]/10+'0';
 197   2              Show_Led_true[4]=Data_24c02[4]%10+'0';
 198   2              Show_Led_true[5]='-';
 199   2              Show_Led_true[6]=Data_24c02[5]/10+'0';
 200   2              Show_Led_true[7]=Data_24c02[5]%10+'0';
 201   2              if(flag_set_time==1)
 202   2              {
 203   3                  Show_Led_true[0]=' ';
 204   3                  Show_Led_true[1]=' ';
 205   3                  Show_Led_true[2]=' ';
 206   3                  Show_Led_true[3]=' ';
 207   3                  Show_Led_true[4]=' ';
 208   3                  Show_Led_true[5]=' ';
 209   3                  Show_Led_true[6]=Data_24c02[6]/10+'0';
 210   3                  Show_Led_true[7]=Data_24c02[6]%10+'0';
 211   3              }
 212   2          }
 213   1          Seg_Tran(Show_Led_true,Show_Led_Duan);
 214   1      }
 215          
 216          
 217          bit key_y_n()
 218          {
 219   1        P3=0x0f;
 220   1        P44=0;
 221   1        P42=0;
 222   1        if((P3&0x0f)==0x0f)
 223   1        {
 224   2          return 0;
 225   2        }
 226   1        else
 227   1        {
 228   2          return 1;
 229   2        }
 230   1      }
 231          
 232          
 233          
 234          
 235          
 236          
 237          int main()
 238          {
 239   1          unsigned char static_point=0;
C51 COMPILER V9.54   MAIN                                                                  09/01/2021 11:12:29 PAGE 5   

 240   1          Set_RTC(Time_main);
 241   1          read_24c02();
 242   1          Set_INIT0();
 243   1          while(1)
 244   1          {
 245   2              if(key_y_n())
 246   2              {
 247   3                  DelayMs(5);
 248   3                  if(key_y_n())
 249   3                  {
 250   4                      static_point=Key_Read();
 251   4                      if(static_point==7)
 252   4                      {
 253   5                          Static_flag=1;
 254   5                      }
 255   4                      else if(static_point==6)
 256   4                      {
 257   5                          Static_flag=2;
 258   5                      }
 259   4                      else if(static_point==4)
 260   4                      {
 261   5      
 262   5                          if(Static_flag==1)
 263   5                          {
 264   6                              Static_flag=3;
 265   6                              flag_set_time=0;
 266   6                          }
 267   5                          else if(Static_flag==2)
 268   5                          {
 269   6                              Static_flag=4;
 270   6                          }
 271   5                          else if(Static_flag==3)
 272   5                          {
 273   6                              flag_set_time++;
 274   6                              flag_set_time%=3;
 275   6                          }
 276   5                          else if(Static_flag==4)
 277   5                          {
 278   6                              flag_set_time++;
 279   6                              flag_set_time%=2;
 280   6                          }
 281   5                          else if(Static_flag==5)
 282   5                          {
 283   6                              flag_set_time++;
 284   6                              flag_set_time%=2;
 285   6                          }
 286   5                      }
 287   4                      else if(static_point==11)   //加
 288   4                      {
 289   5                          if(Static_flag==3)
 290   5                          {
 291   6                              Time_main[flag_set_time]++;
 292   6                              Set_RTC(Time_main);
 293   6                          }
 294   5                          else if(Static_flag==4)
 295   5                          {
 296   6                              if(flag_set_time==0)
 297   6                              {
 298   7                                  Data_24c02[1]+=5;
 299   7                                  if(Data_24c02[1]>50)
 300   7                                  {
 301   8                                      Data_24c02[1]-=5;
C51 COMPILER V9.54   MAIN                                                                  09/01/2021 11:12:29 PAGE 6   

 302   8                                  }
 303   7                              }
 304   6                              else if(flag_set_time==1)
 305   6                              {
 306   7                                  Data_24c02[2]+=5;
 307   7                                  if(Data_24c02[2]>=Data_24c02[1])
 308   7                                  {
 309   8                                      Data_24c02[2]-=5; 
 310   8                                  }
 311   7                              }
 312   6                              write_24c02();
 313   6                          }
 314   5                      }
 315   4                      else if(static_point==10)   //减
 316   4                      {
 317   5                          if(Static_flag==3)
 318   5                          {
 319   6                              Time_main[flag_set_time]--;
 320   6                              Set_RTC(Time_main);
 321   6                          }
 322   5                          else if(Static_flag==4)
 323   5                          {
 324   6                              if(flag_set_time==0)
 325   6                              {
 326   7                                  Data_24c02[1]-=5;
 327   7                                  if(Data_24c02[1]<=Data_24c02[2])
 328   7                                  {
 329   8                                      Data_24c02[1]+=5;
 330   8                                  }
 331   7                              }
 332   6                              else if(flag_set_time==1)
 333   6                              {
 334   7                                  Data_24c02[2]-=5;
 335   7                                  if(Data_24c02[2]<0)
 336   7                                  {
 337   8                                      Data_24c02[2]+=5;
 338   8                                  }
 339   7                              }
 340   6                              write_24c02();
 341   6                          }
 342   5                      }
 343   4                      else if(static_point==9)
 344   4                      {
 345   5                          Static_flag=5;
 346   5                      }
 347   4                      while((P3)!=0x0f)
 348   4                {
 349   5                          P3=0x0f;
 350   5                        P44=0;
 351   5                        P42=0;
 352   5                }
 353   4                      Refresh_Led();
 354   4                  }
 355   3              }
 356   2              if(flag_Time==1)
 357   2              {
 358   3                  ADC_number=PCF8591_Adc();
 359   3                  flag_Time=0;
 360   3                  Read_RTC(Time_main);
 361   3                  TR0=0;
 362   3                  if(Time_main[0]==23&&Time_main[1]==59&&Time_main[2]==55)
 363   3                  {
C51 COMPILER V9.54   MAIN                                                                  09/01/2021 11:12:29 PAGE 7   

 364   4                      if(flag_ti_up_H_L==0)
 365   4                      {
 366   5                          flag_ti_up_H_L++;
 367   5                      }
 368   4                  }
 369   3                  if(Time_main[0]==23&&Time_main[1]==59&&Time_main[2]==56)
 370   3                  {
 371   4                      if(flag_ti_up_H_L==1)
 372   4                      {
 373   5                          flag_ti_up_H_L++;
 374   5                      }
 375   4                  }
 376   3                  if((ADC_number*50.0/255.0)>(float)Data_24c02[1])
 377   3                  {
 378   4                      if(Time_main[0]!=23&&Time_main[1]!=59&&(Time_main[2]!=55||Time_main[2]!=56)&&flag_ti_up_H_
             -L!=3){
 379   5                          Data_24c02[3]=Time_main[0];
 380   5                          Data_24c02[4]=Time_main[1];
 381   5                          Data_24c02[5]=Time_main[2];
 382   5                          Data_24c02[6]=1;
 383   5                          write_24c02();
 384   5                      }
 385   4                  }
 386   3                  if((ADC_number*50.0/255.0)<(float)Data_24c02[2])
 387   3                  {
 388   4                      if(Time_main[0]!=23&&Time_main[1]!=59&&(Time_main[2]!=55||Time_main[2]!=56)){
 389   5                          Data_24c02[3]=Time_main[0];
 390   5                          Data_24c02[4]=Time_main[1];
 391   5                          Data_24c02[5]=Time_main[2];
 392   5                          Data_24c02[6]=0;
 393   5                          write_24c02();
 394   5                      }
 395   4                  }
 396   3                  TR0=1;
 397   3                  Refresh_Led();
 398   3              }
 399   2          }
 400   1      }


MODULE INFORMATION:   STATIC OVERLAYABLE
   CODE SIZE        =   1611    ----
   CONSTANT SIZE    =   ----    ----
   XDATA SIZE       =   ----    ----
   PDATA SIZE       =   ----    ----
   DATA SIZE        =     35       5
   IDATA SIZE       =   ----    ----
   BIT SIZE         =      2       1
END OF MODULE INFORMATION.


C51 COMPILATION COMPLETE.  0 WARNING(S),  0 ERROR(S)
